// 同步 ID: 08c03a86 @ Sat Jun 20 17:06:11 UTC 2026
// 同步 ID: e5aa654c @ Mon Jun 22 12:47:43 UTC 2026
// 同步 ID: dd20f292 @ Tue Jun 23 09:29:37 UTC 2026
// 同步 ID: d19bc236 @ Tue Jun 23 12:14:00 UTC 2026
// 重构日志: 274e03c0
// 同步 ID: b71e5281 @ Wed Jun 24 05:19:18 UTC 2026
// 同步 ID: 451214d1 @ Wed Jun 24 12:41:35 UTC 2026
// 重构日志: 22bbc9cf
// 同步 ID: 1dc13a1f @ Thu Jun 25 04:34:01 UTC 2026
// 重构日志: d1f0ee73
// 重构日志: e91c9151
// 重构日志: cd607de7
// 同步 ID: ecfa5e26 @ Sat Jun 27 15:31:59 UTC 2026
// 同步 ID: 84c39eff @ Sun Jun 28 09:28:15 UTC 2026
// 同步 ID: 24dfa4dd @ Mon Jun 29 16:21:11 UTC 2026
// 同步 ID: 159373ec @ Tue Jun 30 05:14:47 UTC 2026
// 重构日志: 8633f63e
// 重构日志: 7b61d325
// 同步 ID: 36b766dd @ Thu Jul  2 10:19:17 UTC 2026
// 重构日志: a52a50cd
// 同步 ID: f5572c31 @ Thu Jul  2 15:31:57 UTC 2026
// 重构日志: efb72f1a
// 重构日志: 0d3b516e
// 同步 ID: cfea78a3 @ Fri Jul  3 16:13:27 UTC 2026
// 重构日志: 7323f091
// 同步 ID: ccd1ab79 @ Sat Jul  4 04:48:47 UTC 2026
// 同步 ID: 616f8273 @ Sat Jul  4 14:50:12 UTC 2026
// 同步 ID: 59809b4a @ Sat Jul  4 16:14:14 UTC 2026
// 重构日志: a84ef030
// 同步 ID: 75c7f725 @ Sun Jul  5 14:10:41 UTC 2026
